<?xml version="1.0" encoding="UTF-8"?>
<!-- Generated by org.testng.reporters.JUnitXMLReporter -->
<testsuite ignored="0" hostname="LIN49003417" failures="1" tests="2" name="Test2" time="25.345" errors="0" timestamp="2024-08-14T15:05:41 IST">
  <testcase classname="SeleniumFrameWork.FrameWorkDesign1.ErrorValidation" name="loginErrorValidation" time="1.297">
    <skipped/>
  </testcase> <!-- loginErrorValidation -->
  <testcase classname="SeleniumFrameWork.FrameWorkDesign1.ErrorValidation" name="loginErrorValidation" time="1.061">
    <failure type="java.lang.AssertionError" message="expected [Incorrect email or password.] but found [Incorrect emailpassword.]">
      <![CDATA[java.lang.AssertionError: expected [Incorrect email or password.] but found [Incorrect emailpassword.]
at SeleniumFrameWork.FrameWorkDesign1.ErrorValidation.loginErrorValidation(ErrorValidation.java:19)
at java.base/java.util.ArrayList.forEach(ArrayList.java:1511)
... Removed 33 stack frames]]>
    </failure>
  </testcase> <!-- loginErrorValidation -->
</testsuite> <!-- Test2 -->
