<?xml version="1.0" encoding="UTF-8"?>
<testng-results ignored="0" total="1" passed="1" failed="0" skipped="0">
  <reporter-output>
  </reporter-output>
  <suite started-at="2024-08-24T18:46:32 IST" name="Surefire suite" finished-at="2024-08-24T18:46:46 IST" duration-ms="14113">
    <groups>
      <group name="cucumber">
        <method signature="AbstractTestNGCucumberTests.runScenario(io.cucumber.testng.PickleWrapper,io.cucumber.testng.FeatureWrapper)[pri:0, instance:CucumberFeature.TestNgTestRunner@2145b572]" name="runScenario" class="io.cucumber.testng.AbstractTestNGCucumberTests"/>
      </group> <!-- cucumber -->
    </groups>
    <test started-at="2024-08-24T18:46:32 IST" name="Surefire test" finished-at="2024-08-24T18:46:46 IST" duration-ms="14113">
      <class name="CucumberFeature.TestNgTestRunner">
        <test-method is-config="true" signature="setUpClass(org.testng.ITestContext)[pri:0, instance:CucumberFeature.TestNgTestRunner@2145b572]" started-at="2024-08-24T18:46:32 IST" name="setUpClass" finished-at="2024-08-24T18:46:33 IST" duration-ms="825" status="PASS">
          <params>
            <param index="0">
              <value>
                <![CDATA[org.testng.TestRunner@3f49e266]]>
              </value>
            </param>
          </params>
          <reporter-output>
          </reporter-output>
        </test-method> <!-- setUpClass -->
        <test-method signature="runScenario(io.cucumber.testng.PickleWrapper,io.cucumber.testng.FeatureWrapper)[pri:0, instance:CucumberFeature.TestNgTestRunner@2145b572]" started-at="2024-08-24T18:46:33 IST" name="runScenario" description="Runs Cucumber Scenarios" data-provider="scenarios" finished-at="2024-08-24T18:46:46 IST" duration-ms="13188" status="PASS">
          <params>
            <param index="0">
              <value>
                <![CDATA["negative test of user login"]]>
              </value>
            </param>
            <param index="1">
              <value>
                <![CDATA["errorValidation"]]>
              </value>
            </param>
          </params>
          <reporter-output>
          </reporter-output>
        </test-method> <!-- runScenario -->
        <test-method is-config="true" signature="tearDownClass()[pri:0, instance:CucumberFeature.TestNgTestRunner@2145b572]" started-at="2024-08-24T18:46:46 IST" name="tearDownClass" finished-at="2024-08-24T18:46:46 IST" duration-ms="22" status="PASS">
          <reporter-output>
          </reporter-output>
        </test-method> <!-- tearDownClass -->
      </class> <!-- CucumberFeature.TestNgTestRunner -->
    </test> <!-- Surefire test -->
  </suite> <!-- Surefire suite -->
</testng-results>
